{"/Users/gabriellarose/development/projects/wdi-group-project/index.js":{"path":"/Users/gabriellarose/development/projects/wdi-group-project/index.js","s":{"1":1,"2":1,"3":1,"4":1,"5":1,"6":1,"7":1,"8":1,"9":1,"10":1,"11":1,"12":1,"13":1},"b":{},"f":{},"fnMap":{},"statementMap":{"1":{"start":{"line":3,"column":0},"end":{"line":3,"column":34}},"2":{"start":{"line":5,"column":0},"end":{"line":5,"column":36}},"3":{"start":{"line":7,"column":0},"end":{"line":7,"column":41}},"4":{"start":{"line":9,"column":0},"end":{"line":9,"column":55}},"5":{"start":{"line":10,"column":0},"end":{"line":10,"column":41}},"6":{"start":{"line":13,"column":0},"end":{"line":13,"column":21}},"7":{"start":{"line":15,"column":0},"end":{"line":15,"column":51}},"8":{"start":{"line":17,"column":0},"end":{"line":17,"column":44}},"9":{"start":{"line":21,"column":0},"end":{"line":21,"column":26}},"10":{"start":{"line":24,"column":0},"end":{"line":24,"column":25}},"11":{"start":{"line":27,"column":0},"end":{"line":27,"column":72}},"12":{"start":{"line":27,"column":23},"end":{"line":27,"column":71}},"13":{"start":{"line":29,"column":0},"end":{"line":29,"column":20}}},"branchMap":{}},"/Users/gabriellarose/development/projects/wdi-group-project/config/environment.js":{"path":"/Users/gabriellarose/development/projects/wdi-group-project/config/environment.js","s":{"1":1,"2":1,"3":1,"4":1},"b":{"1":[1,1],"2":[1,1],"3":[1,1]},"f":{},"fnMap":{},"statementMap":{"1":{"start":{"line":2,"column":0},"end":{"line":2,"column":37}},"2":{"start":{"line":3,"column":0},"end":{"line":3,"column":68}},"3":{"start":{"line":4,"column":0},"end":{"line":4,"column":57}},"4":{"start":{"line":6,"column":0},"end":{"line":6,"column":40}}},"branchMap":{"1":{"line":2,"type":"binary-expr","locations":[{"start":{"line":2,"column":13},"end":{"line":2,"column":29}},{"start":{"line":2,"column":33},"end":{"line":2,"column":37}}]},"2":{"line":3,"type":"binary-expr","locations":[{"start":{"line":3,"column":14},"end":{"line":3,"column":37}},{"start":{"line":3,"column":41},"end":{"line":3,"column":68}}]},"3":{"line":4,"type":"binary-expr","locations":[{"start":{"line":4,"column":15},"end":{"line":4,"column":33}},{"start":{"line":4,"column":37},"end":{"line":4,"column":57}}]}}},"/Users/gabriellarose/development/projects/wdi-group-project/config/routes.js":{"path":"/Users/gabriellarose/development/projects/wdi-group-project/config/routes.js","s":{"1":1,"2":1,"3":1,"4":1,"5":1,"6":1,"7":1,"8":1,"9":1,"10":1,"11":1,"12":1,"13":1,"14":1,"15":1,"16":1,"17":1,"18":1,"19":1,"20":1,"21":1,"22":1},"b":{},"f":{},"fnMap":{},"statementMap":{"1":{"start":{"line":2,"column":0},"end":{"line":2,"column":42}},"2":{"start":{"line":3,"column":0},"end":{"line":3,"column":49}},"3":{"start":{"line":4,"column":0},"end":{"line":4,"column":49}},"4":{"start":{"line":5,"column":0},"end":{"line":5,"column":55}},"5":{"start":{"line":6,"column":0},"end":{"line":6,"column":43}},"6":{"start":{"line":7,"column":0},"end":{"line":7,"column":43}},"7":{"start":{"line":8,"column":0},"end":{"line":8,"column":49}},"8":{"start":{"line":10,"column":0},"end":{"line":12,"column":36}},"9":{"start":{"line":14,"column":0},"end":{"line":17,"column":38}},"10":{"start":{"line":19,"column":0},"end":{"line":19,"column":72}},"11":{"start":{"line":20,"column":0},"end":{"line":20,"column":85}},"12":{"start":{"line":22,"column":0},"end":{"line":24,"column":36}},"13":{"start":{"line":26,"column":0},"end":{"line":29,"column":38}},"14":{"start":{"line":31,"column":0},"end":{"line":31,"column":72}},"15":{"start":{"line":32,"column":0},"end":{"line":32,"column":85}},"16":{"start":{"line":34,"column":0},"end":{"line":36,"column":26}},"17":{"start":{"line":38,"column":0},"end":{"line":41,"column":28}},"18":{"start":{"line":43,"column":0},"end":{"line":45,"column":17}},"19":{"start":{"line":47,"column":0},"end":{"line":49,"column":40}},"20":{"start":{"line":53,"column":0},"end":{"line":53,"column":39}},"21":{"start":{"line":54,"column":0},"end":{"line":54,"column":33}},"22":{"start":{"line":56,"column":0},"end":{"line":56,"column":23}}},"branchMap":{}},"/Users/gabriellarose/development/projects/wdi-group-project/controllers/recipes.js":{"path":"/Users/gabriellarose/development/projects/wdi-group-project/controllers/recipes.js","s":{"1":1,"2":1,"3":0,"4":0,"5":0,"6":1,"7":0,"8":0,"9":0,"10":0,"11":1,"12":0,"13":0,"14":0,"15":0,"16":0,"17":1,"18":0,"19":0,"20":0,"21":0,"22":0,"23":0,"24":0,"25":1,"26":0,"27":0,"28":0,"29":1,"30":0,"31":0,"32":0,"33":0,"34":0,"35":1,"36":0,"37":0,"38":0,"39":0,"40":0,"41":1},"b":{"1":[0,0],"2":[0,0]},"f":{"1":0,"2":0,"3":0,"4":0,"5":0,"6":0,"7":0},"fnMap":{"1":{"name":"indexRoute","line":4,"loc":{"start":{"line":4,"column":0},"end":{"line":4,"column":30}}},"2":{"name":"createRoute","line":12,"loc":{"start":{"line":12,"column":0},"end":{"line":12,"column":30}}},"3":{"name":"showRoute","line":20,"loc":{"start":{"line":20,"column":0},"end":{"line":20,"column":29}}},"4":{"name":"editRoute","line":31,"loc":{"start":{"line":31,"column":0},"end":{"line":31,"column":28}}},"5":{"name":"deleteRoute","line":43,"loc":{"start":{"line":43,"column":0},"end":{"line":43,"column":31}}},"6":{"name":"commentCreateRoute","line":50,"loc":{"start":{"line":50,"column":0},"end":{"line":50,"column":44}}},"7":{"name":"commentDeleteRoute","line":62,"loc":{"start":{"line":62,"column":0},"end":{"line":62,"column":44}}}},"statementMap":{"1":{"start":{"line":2,"column":0},"end":{"line":2,"column":42}},"2":{"start":{"line":4,"column":0},"end":{"line":10,"column":1}},"3":{"start":{"line":5,"column":2},"end":{"line":9,"column":32}},"4":{"start":{"line":8,"column":20},"end":{"line":8,"column":48}},"5":{"start":{"line":9,"column":18},"end":{"line":9,"column":31}},"6":{"start":{"line":12,"column":0},"end":{"line":18,"column":1}},"7":{"start":{"line":13,"column":2},"end":{"line":13,"column":33}},"8":{"start":{"line":14,"column":2},"end":{"line":17,"column":32}},"9":{"start":{"line":16,"column":20},"end":{"line":16,"column":48}},"10":{"start":{"line":17,"column":18},"end":{"line":17,"column":31}},"11":{"start":{"line":20,"column":0},"end":{"line":29,"column":1}},"12":{"start":{"line":21,"column":2},"end":{"line":28,"column":32}},"13":{"start":{"line":25,"column":6},"end":{"line":25,"column":71}},"14":{"start":{"line":25,"column":19},"end":{"line":25,"column":71}},"15":{"start":{"line":26,"column":6},"end":{"line":26,"column":34}},"16":{"start":{"line":28,"column":18},"end":{"line":28,"column":31}},"17":{"start":{"line":31,"column":0},"end":{"line":41,"column":1}},"18":{"start":{"line":32,"column":2},"end":{"line":40,"column":32}},"19":{"start":{"line":35,"column":6},"end":{"line":35,"column":71}},"20":{"start":{"line":35,"column":19},"end":{"line":35,"column":71}},"21":{"start":{"line":36,"column":6},"end":{"line":36,"column":37}},"22":{"start":{"line":37,"column":6},"end":{"line":37,"column":26}},"23":{"start":{"line":39,"column":20},"end":{"line":39,"column":48}},"24":{"start":{"line":40,"column":18},"end":{"line":40,"column":31}},"25":{"start":{"line":43,"column":0},"end":{"line":48,"column":1}},"26":{"start":{"line":44,"column":2},"end":{"line":47,"column":44}},"27":{"start":{"line":46,"column":16},"end":{"line":46,"column":41}},"28":{"start":{"line":47,"column":18},"end":{"line":47,"column":43}},"29":{"start":{"line":50,"column":0},"end":{"line":60,"column":1}},"30":{"start":{"line":51,"column":2},"end":{"line":51,"column":33}},"31":{"start":{"line":52,"column":2},"end":{"line":59,"column":16}},"32":{"start":{"line":55,"column":6},"end":{"line":55,"column":36}},"33":{"start":{"line":56,"column":6},"end":{"line":56,"column":26}},"34":{"start":{"line":58,"column":20},"end":{"line":58,"column":36}},"35":{"start":{"line":62,"column":0},"end":{"line":72,"column":1}},"36":{"start":{"line":63,"column":2},"end":{"line":71,"column":16}},"37":{"start":{"line":66,"column":6},"end":{"line":66,"column":62}},"38":{"start":{"line":67,"column":6},"end":{"line":67,"column":22}},"39":{"start":{"line":68,"column":6},"end":{"line":68,"column":26}},"40":{"start":{"line":70,"column":20},"end":{"line":70,"column":36}},"41":{"start":{"line":74,"column":0},"end":{"line":82,"column":1}}},"branchMap":{"1":{"line":25,"type":"if","locations":[{"start":{"line":25,"column":6},"end":{"line":25,"column":6}},{"start":{"line":25,"column":6},"end":{"line":25,"column":6}}]},"2":{"line":35,"type":"if","locations":[{"start":{"line":35,"column":6},"end":{"line":35,"column":6}},{"start":{"line":35,"column":6},"end":{"line":35,"column":6}}]}}},"/Users/gabriellarose/development/projects/wdi-group-project/models/recipe.js":{"path":"/Users/gabriellarose/development/projects/wdi-group-project/models/recipe.js","s":{"1":1,"2":1,"3":1,"4":1},"b":{},"f":{},"fnMap":{},"statementMap":{"1":{"start":{"line":2,"column":0},"end":{"line":2,"column":36}},"2":{"start":{"line":4,"column":0},"end":{"line":8,"column":2}},"3":{"start":{"line":10,"column":0},"end":{"line":25,"column":2}},"4":{"start":{"line":27,"column":0},"end":{"line":27,"column":55}}},"branchMap":{}},"/Users/gabriellarose/development/projects/wdi-group-project/controllers/reviews.js":{"path":"/Users/gabriellarose/development/projects/wdi-group-project/controllers/reviews.js","s":{"1":1,"2":1,"3":0,"4":0,"5":0,"6":1,"7":0,"8":0,"9":0,"10":0,"11":1,"12":0,"13":0,"14":0,"15":0,"16":0,"17":1,"18":0,"19":0,"20":0,"21":0,"22":0,"23":0,"24":0,"25":1,"26":0,"27":0,"28":0,"29":1,"30":0,"31":0,"32":0,"33":0,"34":0,"35":1,"36":0,"37":0,"38":0,"39":0,"40":0,"41":1},"b":{"1":[0,0],"2":[0,0]},"f":{"1":0,"2":0,"3":0,"4":0,"5":0,"6":0,"7":0},"fnMap":{"1":{"name":"indexRoute","line":4,"loc":{"start":{"line":4,"column":0},"end":{"line":4,"column":30}}},"2":{"name":"createRoute","line":12,"loc":{"start":{"line":12,"column":0},"end":{"line":12,"column":30}}},"3":{"name":"showRoute","line":20,"loc":{"start":{"line":20,"column":0},"end":{"line":20,"column":29}}},"4":{"name":"editRoute","line":31,"loc":{"start":{"line":31,"column":0},"end":{"line":31,"column":29}}},"5":{"name":"deleteRoute","line":43,"loc":{"start":{"line":43,"column":0},"end":{"line":43,"column":31}}},"6":{"name":"commentCreateRoute","line":50,"loc":{"start":{"line":50,"column":0},"end":{"line":50,"column":44}}},"7":{"name":"commentDeleteRoute","line":62,"loc":{"start":{"line":62,"column":0},"end":{"line":62,"column":44}}}},"statementMap":{"1":{"start":{"line":2,"column":0},"end":{"line":2,"column":42}},"2":{"start":{"line":4,"column":0},"end":{"line":10,"column":1}},"3":{"start":{"line":5,"column":2},"end":{"line":9,"column":32}},"4":{"start":{"line":8,"column":20},"end":{"line":8,"column":48}},"5":{"start":{"line":9,"column":18},"end":{"line":9,"column":31}},"6":{"start":{"line":12,"column":0},"end":{"line":18,"column":1}},"7":{"start":{"line":13,"column":2},"end":{"line":13,"column":33}},"8":{"start":{"line":14,"column":2},"end":{"line":17,"column":32}},"9":{"start":{"line":16,"column":20},"end":{"line":16,"column":48}},"10":{"start":{"line":17,"column":18},"end":{"line":17,"column":31}},"11":{"start":{"line":20,"column":0},"end":{"line":29,"column":1}},"12":{"start":{"line":21,"column":2},"end":{"line":28,"column":32}},"13":{"start":{"line":25,"column":6},"end":{"line":25,"column":71}},"14":{"start":{"line":25,"column":19},"end":{"line":25,"column":71}},"15":{"start":{"line":26,"column":6},"end":{"line":26,"column":34}},"16":{"start":{"line":28,"column":18},"end":{"line":28,"column":31}},"17":{"start":{"line":31,"column":0},"end":{"line":41,"column":1}},"18":{"start":{"line":32,"column":2},"end":{"line":40,"column":32}},"19":{"start":{"line":35,"column":6},"end":{"line":35,"column":71}},"20":{"start":{"line":35,"column":19},"end":{"line":35,"column":71}},"21":{"start":{"line":36,"column":6},"end":{"line":36,"column":37}},"22":{"start":{"line":37,"column":6},"end":{"line":37,"column":26}},"23":{"start":{"line":39,"column":20},"end":{"line":39,"column":48}},"24":{"start":{"line":40,"column":18},"end":{"line":40,"column":31}},"25":{"start":{"line":43,"column":0},"end":{"line":48,"column":1}},"26":{"start":{"line":44,"column":2},"end":{"line":47,"column":44}},"27":{"start":{"line":46,"column":16},"end":{"line":46,"column":41}},"28":{"start":{"line":47,"column":18},"end":{"line":47,"column":43}},"29":{"start":{"line":50,"column":0},"end":{"line":60,"column":1}},"30":{"start":{"line":51,"column":2},"end":{"line":51,"column":33}},"31":{"start":{"line":52,"column":2},"end":{"line":59,"column":16}},"32":{"start":{"line":55,"column":6},"end":{"line":55,"column":36}},"33":{"start":{"line":56,"column":6},"end":{"line":56,"column":26}},"34":{"start":{"line":58,"column":20},"end":{"line":58,"column":36}},"35":{"start":{"line":62,"column":0},"end":{"line":72,"column":1}},"36":{"start":{"line":63,"column":2},"end":{"line":71,"column":16}},"37":{"start":{"line":66,"column":6},"end":{"line":66,"column":62}},"38":{"start":{"line":67,"column":6},"end":{"line":67,"column":22}},"39":{"start":{"line":68,"column":6},"end":{"line":68,"column":26}},"40":{"start":{"line":70,"column":20},"end":{"line":70,"column":36}},"41":{"start":{"line":74,"column":0},"end":{"line":82,"column":1}}},"branchMap":{"1":{"line":25,"type":"if","locations":[{"start":{"line":25,"column":6},"end":{"line":25,"column":6}},{"start":{"line":25,"column":6},"end":{"line":25,"column":6}}]},"2":{"line":35,"type":"if","locations":[{"start":{"line":35,"column":6},"end":{"line":35,"column":6}},{"start":{"line":35,"column":6},"end":{"line":35,"column":6}}]}}},"/Users/gabriellarose/development/projects/wdi-group-project/models/review.js":{"path":"/Users/gabriellarose/development/projects/wdi-group-project/models/review.js","s":{"1":1,"2":1,"3":1,"4":1},"b":{},"f":{},"fnMap":{},"statementMap":{"1":{"start":{"line":2,"column":0},"end":{"line":2,"column":36}},"2":{"start":{"line":4,"column":0},"end":{"line":8,"column":2}},"3":{"start":{"line":10,"column":0},"end":{"line":25,"column":2}},"4":{"start":{"line":27,"column":0},"end":{"line":27,"column":55}}},"branchMap":{}},"/Users/gabriellarose/development/projects/wdi-group-project/controllers/categories.js":{"path":"/Users/gabriellarose/development/projects/wdi-group-project/controllers/categories.js","s":{"1":1,"2":1,"3":0,"4":0,"5":1,"6":0,"7":0,"8":1,"9":0,"10":0,"11":1,"12":0,"13":0,"14":0,"15":0,"16":1,"17":0,"18":0,"19":0,"20":1},"b":{},"f":{"1":0,"2":0,"3":0,"4":0,"5":0},"fnMap":{"1":{"name":"categoriesIndex","line":4,"loc":{"start":{"line":4,"column":0},"end":{"line":4,"column":42}}},"2":{"name":"categoriesShow","line":11,"loc":{"start":{"line":11,"column":0},"end":{"line":11,"column":40}}},"3":{"name":"categoriesCreate","line":18,"loc":{"start":{"line":18,"column":0},"end":{"line":18,"column":42}}},"4":{"name":"categoriesUpdate","line":25,"loc":{"start":{"line":25,"column":0},"end":{"line":25,"column":42}}},"5":{"name":"categoriesDelete","line":34,"loc":{"start":{"line":34,"column":0},"end":{"line":34,"column":42}}}},"statementMap":{"1":{"start":{"line":2,"column":0},"end":{"line":2,"column":46}},"2":{"start":{"line":4,"column":0},"end":{"line":9,"column":1}},"3":{"start":{"line":5,"column":2},"end":{"line":8,"column":16}},"4":{"start":{"line":7,"column":24},"end":{"line":7,"column":44}},"5":{"start":{"line":11,"column":0},"end":{"line":16,"column":1}},"6":{"start":{"line":12,"column":2},"end":{"line":15,"column":16}},"7":{"start":{"line":14,"column":22},"end":{"line":14,"column":40}},"8":{"start":{"line":18,"column":0},"end":{"line":23,"column":1}},"9":{"start":{"line":19,"column":2},"end":{"line":22,"column":16}},"10":{"start":{"line":21,"column":22},"end":{"line":21,"column":52}},"11":{"start":{"line":25,"column":0},"end":{"line":32,"column":1}},"12":{"start":{"line":26,"column":2},"end":{"line":31,"column":16}},"13":{"start":{"line":28,"column":22},"end":{"line":28,"column":44}},"14":{"start":{"line":29,"column":22},"end":{"line":29,"column":37}},"15":{"start":{"line":30,"column":22},"end":{"line":30,"column":40}},"16":{"start":{"line":34,"column":0},"end":{"line":41,"column":1}},"17":{"start":{"line":35,"column":2},"end":{"line":40,"column":16}},"18":{"start":{"line":38,"column":22},"end":{"line":38,"column":39}},"19":{"start":{"line":39,"column":16},"end":{"line":39,"column":35}},"20":{"start":{"line":43,"column":0},"end":{"line":49,"column":1}}},"branchMap":{}},"/Users/gabriellarose/development/projects/wdi-group-project/models/category.js":{"path":"/Users/gabriellarose/development/projects/wdi-group-project/models/category.js","s":{"1":1,"2":1,"3":1},"b":{},"f":{},"fnMap":{},"statementMap":{"1":{"start":{"line":2,"column":0},"end":{"line":2,"column":36}},"2":{"start":{"line":4,"column":0},"end":{"line":6,"column":2}},"3":{"start":{"line":8,"column":0},"end":{"line":8,"column":59}}},"branchMap":{}},"/Users/gabriellarose/development/projects/wdi-group-project/controllers/auth.js":{"path":"/Users/gabriellarose/development/projects/wdi-group-project/controllers/auth.js","s":{"1":1,"2":1,"3":1,"4":1,"5":0,"6":0,"7":0,"8":1,"9":0,"10":0,"11":0,"12":0,"13":0,"14":1},"b":{"1":[0,0],"2":[0,0]},"f":{"1":0,"2":0},"fnMap":{"1":{"name":"register","line":6,"loc":{"start":{"line":6,"column":0},"end":{"line":6,"column":34}}},"2":{"name":"login","line":20,"loc":{"start":{"line":20,"column":0},"end":{"line":20,"column":31}}}},"statementMap":{"1":{"start":{"line":2,"column":0},"end":{"line":2,"column":38}},"2":{"start":{"line":3,"column":0},"end":{"line":3,"column":35}},"3":{"start":{"line":4,"column":0},"end":{"line":4,"column":51}},"4":{"start":{"line":6,"column":0},"end":{"line":18,"column":1}},"5":{"start":{"line":7,"column":2},"end":{"line":17,"column":16}},"6":{"start":{"line":10,"column":6},"end":{"line":10,"column":76}},"7":{"start":{"line":11,"column":6},"end":{"line":15,"column":8}},"8":{"start":{"line":20,"column":0},"end":{"line":35,"column":1}},"9":{"start":{"line":21,"column":2},"end":{"line":34,"column":16}},"10":{"start":{"line":23,"column":6},"end":{"line":25,"column":7}},"11":{"start":{"line":24,"column":8},"end":{"line":24,"column":63}},"12":{"start":{"line":27,"column":6},"end":{"line":27,"column":76}},"13":{"start":{"line":28,"column":6},"end":{"line":32,"column":8}},"14":{"start":{"line":37,"column":0},"end":{"line":40,"column":1}}},"branchMap":{"1":{"line":23,"type":"if","locations":[{"start":{"line":23,"column":6},"end":{"line":23,"column":6}},{"start":{"line":23,"column":6},"end":{"line":23,"column":6}}]},"2":{"line":23,"type":"binary-expr","locations":[{"start":{"line":23,"column":10},"end":{"line":23,"column":15}},{"start":{"line":23,"column":19},"end":{"line":23,"column":60}}]}}},"/Users/gabriellarose/development/projects/wdi-group-project/models/user.js":{"path":"/Users/gabriellarose/development/projects/wdi-group-project/models/user.js","s":{"1":1,"2":1,"3":1,"4":1,"5":1,"6":1,"7":1,"8":1,"9":0,"10":0,"11":1,"12":1,"13":1,"14":0,"15":1,"16":1,"17":1,"18":1,"19":0,"20":1,"21":1,"22":0,"23":0,"24":0,"25":1},"b":{"1":[0,1],"2":[1,1],"3":[0,0]},"f":{"1":0,"2":0,"3":1,"4":1,"5":0},"fnMap":{"1":{"name":"(anonymous_1)","line":38,"loc":{"start":{"line":38,"column":11},"end":{"line":38,"column":23}}},"2":{"name":"validatePassword","line":56,"loc":{"start":{"line":56,"column":38},"end":{"line":56,"column":74}}},"3":{"name":"setPasswordConfirmation","line":62,"loc":{"start":{"line":62,"column":7},"end":{"line":62,"column":62}}},"4":{"name":"checkPassword","line":67,"loc":{"start":{"line":67,"column":19},"end":{"line":67,"column":48}}},"5":{"name":"hashPassword","line":75,"loc":{"start":{"line":75,"column":15},"end":{"line":75,"column":43}}}},"statementMap":{"1":{"start":{"line":2,"column":0},"end":{"line":2,"column":36}},"2":{"start":{"line":3,"column":0},"end":{"line":3,"column":33}},"3":{"start":{"line":4,"column":0},"end":{"line":4,"column":32}},"4":{"start":{"line":5,"column":0},"end":{"line":5,"column":56}},"5":{"start":{"line":7,"column":0},"end":{"line":29,"column":2}},"6":{"start":{"line":31,"column":0},"end":{"line":31,"column":57}},"7":{"start":{"line":33,"column":0},"end":{"line":33,"column":55}},"8":{"start":{"line":36,"column":0},"end":{"line":42,"column":2}},"9":{"start":{"line":39,"column":4},"end":{"line":39,"column":24}},"10":{"start":{"line":40,"column":4},"end":{"line":40,"column":15}},"11":{"start":{"line":44,"column":0},"end":{"line":48,"column":2}},"12":{"start":{"line":50,"column":0},"end":{"line":54,"column":2}},"13":{"start":{"line":56,"column":0},"end":{"line":58,"column":1}},"14":{"start":{"line":57,"column":2},"end":{"line":57,"column":52}},"15":{"start":{"line":60,"column":0},"end":{"line":64,"column":4}},"16":{"start":{"line":63,"column":4},"end":{"line":63,"column":53}},"17":{"start":{"line":66,"column":0},"end":{"line":72,"column":4}},"18":{"start":{"line":68,"column":4},"end":{"line":70,"column":5}},"19":{"start":{"line":69,"column":6},"end":{"line":69,"column":64}},"20":{"start":{"line":71,"column":4},"end":{"line":71,"column":10}},"21":{"start":{"line":74,"column":0},"end":{"line":80,"column":4}},"22":{"start":{"line":76,"column":4},"end":{"line":78,"column":5}},"23":{"start":{"line":77,"column":6},"end":{"line":77,"column":75}},"24":{"start":{"line":79,"column":4},"end":{"line":79,"column":10}},"25":{"start":{"line":82,"column":0},"end":{"line":82,"column":51}}},"branchMap":{"1":{"line":68,"type":"if","locations":[{"start":{"line":68,"column":4},"end":{"line":68,"column":4}},{"start":{"line":68,"column":4},"end":{"line":68,"column":4}}]},"2":{"line":68,"type":"binary-expr","locations":[{"start":{"line":68,"column":8},"end":{"line":68,"column":35}},{"start":{"line":68,"column":39},"end":{"line":68,"column":83}}]},"3":{"line":76,"type":"if","locations":[{"start":{"line":76,"column":4},"end":{"line":76,"column":4}},{"start":{"line":76,"column":4},"end":{"line":76,"column":4}}]}}},"/Users/gabriellarose/development/projects/wdi-group-project/controllers/user.js":{"path":"/Users/gabriellarose/development/projects/wdi-group-project/controllers/user.js","s":{"1":1,"2":1,"3":0,"4":0,"5":0,"6":0,"7":0,"8":0,"9":0,"10":1,"11":0,"12":0,"13":0,"14":0,"15":0,"16":0,"17":0,"18":1,"19":0,"20":0,"21":0,"22":1,"23":0,"24":0,"25":0,"26":1},"b":{"1":[0,0],"2":[0,0]},"f":{"1":0,"2":0,"3":0,"4":0},"fnMap":{"1":{"name":"showRoute","line":3,"loc":{"start":{"line":3,"column":0},"end":{"line":3,"column":29}}},"2":{"name":"editRoute","line":22,"loc":{"start":{"line":22,"column":0},"end":{"line":22,"column":29}}},"3":{"name":"userFriendRequest","line":34,"loc":{"start":{"line":34,"column":0},"end":{"line":34,"column":36}}},"4":{"name":"getFriends","line":58,"loc":{"start":{"line":58,"column":0},"end":{"line":58,"column":30}}}},"statementMap":{"1":{"start":{"line":1,"column":0},"end":{"line":1,"column":38}},"2":{"start":{"line":3,"column":0},"end":{"line":20,"column":1}},"3":{"start":{"line":4,"column":2},"end":{"line":19,"column":32}},"4":{"start":{"line":9,"column":6},"end":{"line":12,"column":8}},"5":{"start":{"line":15,"column":6},"end":{"line":15,"column":37}},"6":{"start":{"line":16,"column":6},"end":{"line":16,"column":69}},"7":{"start":{"line":16,"column":17},"end":{"line":16,"column":69}},"8":{"start":{"line":17,"column":6},"end":{"line":17,"column":45}},"9":{"start":{"line":19,"column":18},"end":{"line":19,"column":31}},"10":{"start":{"line":22,"column":0},"end":{"line":32,"column":1}},"11":{"start":{"line":23,"column":2},"end":{"line":31,"column":32}},"12":{"start":{"line":26,"column":6},"end":{"line":26,"column":69}},"13":{"start":{"line":26,"column":17},"end":{"line":26,"column":69}},"14":{"start":{"line":27,"column":6},"end":{"line":27,"column":35}},"15":{"start":{"line":28,"column":6},"end":{"line":28,"column":24}},"16":{"start":{"line":30,"column":20},"end":{"line":30,"column":48}},"17":{"start":{"line":31,"column":18},"end":{"line":31,"column":31}},"18":{"start":{"line":34,"column":0},"end":{"line":39,"column":1}},"19":{"start":{"line":35,"column":2},"end":{"line":38,"column":35}},"20":{"start":{"line":37,"column":16},"end":{"line":37,"column":64}},"21":{"start":{"line":38,"column":18},"end":{"line":38,"column":34}},"22":{"start":{"line":58,"column":0},"end":{"line":63,"column":1}},"23":{"start":{"line":59,"column":2},"end":{"line":62,"column":35}},"24":{"start":{"line":61,"column":21},"end":{"line":61,"column":38}},"25":{"start":{"line":62,"column":18},"end":{"line":62,"column":34}},"26":{"start":{"line":67,"column":0},"end":{"line":73,"column":1}}},"branchMap":{"1":{"line":16,"type":"if","locations":[{"start":{"line":16,"column":6},"end":{"line":16,"column":6}},{"start":{"line":16,"column":6},"end":{"line":16,"column":6}}]},"2":{"line":26,"type":"if","locations":[{"start":{"line":26,"column":6},"end":{"line":26,"column":6}},{"start":{"line":26,"column":6},"end":{"line":26,"column":6}}]}}},"/Users/gabriellarose/development/projects/wdi-group-project/lib/secureRoute.js":{"path":"/Users/gabriellarose/development/projects/wdi-group-project/lib/secureRoute.js","s":{"1":1,"2":1,"3":1,"4":1,"5":0,"6":0,"7":0,"8":0,"9":0,"10":0,"11":0,"12":0,"13":0,"14":0,"15":0,"16":0,"17":0,"18":0,"19":1},"b":{"1":[0,0],"2":[0,0],"3":[0,0]},"f":{"1":0},"fnMap":{"1":{"name":"secureRoute","line":6,"loc":{"start":{"line":6,"column":0},"end":{"line":6,"column":37}}}},"statementMap":{"1":{"start":{"line":2,"column":0},"end":{"line":2,"column":35}},"2":{"start":{"line":3,"column":0},"end":{"line":3,"column":51}},"3":{"start":{"line":4,"column":0},"end":{"line":4,"column":38}},"4":{"start":{"line":6,"column":0},"end":{"line":25,"column":1}},"5":{"start":{"line":7,"column":2},"end":{"line":7,"column":89}},"6":{"start":{"line":7,"column":34},"end":{"line":7,"column":89}},"7":{"start":{"line":9,"column":2},"end":{"line":9,"column":64}},"8":{"start":{"line":11,"column":2},"end":{"line":24,"column":16}},"9":{"start":{"line":12,"column":4},"end":{"line":15,"column":6}},"10":{"start":{"line":13,"column":6},"end":{"line":13,"column":26}},"11":{"start":{"line":13,"column":15},"end":{"line":13,"column":26}},"12":{"start":{"line":14,"column":6},"end":{"line":14,"column":22}},"13":{"start":{"line":17,"column":21},"end":{"line":17,"column":47}},"14":{"start":{"line":19,"column":6},"end":{"line":19,"column":72}},"15":{"start":{"line":19,"column":17},"end":{"line":19,"column":72}},"16":{"start":{"line":20,"column":6},"end":{"line":20,"column":28}},"17":{"start":{"line":21,"column":6},"end":{"line":21,"column":23}},"18":{"start":{"line":22,"column":6},"end":{"line":22,"column":12}},"19":{"start":{"line":27,"column":0},"end":{"line":27,"column":28}}},"branchMap":{"1":{"line":7,"type":"if","locations":[{"start":{"line":7,"column":2},"end":{"line":7,"column":2}},{"start":{"line":7,"column":2},"end":{"line":7,"column":2}}]},"2":{"line":13,"type":"if","locations":[{"start":{"line":13,"column":6},"end":{"line":13,"column":6}},{"start":{"line":13,"column":6},"end":{"line":13,"column":6}}]},"3":{"line":19,"type":"if","locations":[{"start":{"line":19,"column":6},"end":{"line":19,"column":6}},{"start":{"line":19,"column":6},"end":{"line":19,"column":6}}]}}}}