TN:
SF:/Users/gabriellarose/development/projects/wdi-group-project/index.js
FNF:0
FNH:0
DA:3,1
DA:5,1
DA:7,1
DA:9,1
DA:10,1
DA:13,1
DA:15,1
DA:17,1
DA:21,1
DA:24,1
DA:27,1
DA:30,1
DA:32,1
LF:13
LH:13
BRF:0
BRH:0
end_of_record
TN:
SF:/Users/gabriellarose/development/projects/wdi-group-project/config/environment.js
FNF:0
FNH:0
DA:2,1
DA:3,1
DA:4,1
DA:6,1
LF:4
LH:4
BRDA:2,1,0,1
BRDA:2,1,1,1
BRDA:3,2,0,1
BRDA:3,2,1,1
BRDA:4,3,0,1
BRDA:4,3,1,1
BRF:6
BRH:6
end_of_record
TN:
SF:/Users/gabriellarose/development/projects/wdi-group-project/config/routes.js
FNF:0
FNH:0
DA:2,1
DA:3,1
DA:4,1
DA:5,1
DA:6,1
DA:7,1
DA:8,1
DA:10,1
DA:14,1
DA:19,1
DA:20,1
DA:22,1
DA:26,1
DA:31,1
DA:32,1
DA:34,1
DA:38,1
DA:43,1
DA:47,1
DA:53,1
DA:54,1
DA:56,1
LF:22
LH:22
BRF:0
BRH:0
end_of_record
TN:
SF:/Users/gabriellarose/development/projects/wdi-group-project/controllers/recipes.js
FN:4,indexRoute
FN:12,createRoute
FN:20,showRoute
FN:31,editRoute
FN:43,deleteRoute
FN:50,commentCreateRoute
FN:62,commentDeleteRoute
FNF:7
FNH:0
FNDA:0,indexRoute
FNDA:0,createRoute
FNDA:0,showRoute
FNDA:0,editRoute
FNDA:0,deleteRoute
FNDA:0,commentCreateRoute
FNDA:0,commentDeleteRoute
DA:2,1
DA:4,1
DA:5,0
DA:8,0
DA:9,0
DA:12,1
DA:13,0
DA:14,0
DA:16,0
DA:17,0
DA:20,1
DA:21,0
DA:25,0
DA:26,0
DA:28,0
DA:31,1
DA:32,0
DA:35,0
DA:36,0
DA:37,0
DA:39,0
DA:40,0
DA:43,1
DA:44,0
DA:46,0
DA:47,0
DA:50,1
DA:51,0
DA:52,0
DA:55,0
DA:56,0
DA:58,0
DA:62,1
DA:63,0
DA:66,0
DA:67,0
DA:68,0
DA:70,0
DA:74,1
LF:39
LH:9
BRDA:25,1,0,0
BRDA:25,1,1,0
BRDA:35,2,0,0
BRDA:35,2,1,0
BRF:4
BRH:0
end_of_record
TN:
SF:/Users/gabriellarose/development/projects/wdi-group-project/models/recipe.js
FNF:0
FNH:0
DA:2,1
DA:4,1
DA:10,1
DA:27,1
LF:4
LH:4
BRF:0
BRH:0
end_of_record
TN:
SF:/Users/gabriellarose/development/projects/wdi-group-project/controllers/reviews.js
FN:4,indexRoute
FN:12,createRoute
FN:20,showRoute
FN:31,editRoute
FN:43,deleteRoute
FN:50,commentCreateRoute
FN:62,commentDeleteRoute
FNF:7
FNH:0
FNDA:0,indexRoute
FNDA:0,createRoute
FNDA:0,showRoute
FNDA:0,editRoute
FNDA:0,deleteRoute
FNDA:0,commentCreateRoute
FNDA:0,commentDeleteRoute
DA:2,1
DA:4,1
DA:5,0
DA:8,0
DA:9,0
DA:12,1
DA:13,0
DA:14,0
DA:16,0
DA:17,0
DA:20,1
DA:21,0
DA:25,0
DA:26,0
DA:28,0
DA:31,1
DA:32,0
DA:35,0
DA:36,0
DA:37,0
DA:39,0
DA:40,0
DA:43,1
DA:44,0
DA:46,0
DA:47,0
DA:50,1
DA:51,0
DA:52,0
DA:55,0
DA:56,0
DA:58,0
DA:62,1
DA:63,0
DA:66,0
DA:67,0
DA:68,0
DA:70,0
DA:74,1
LF:39
LH:9
BRDA:25,1,0,0
BRDA:25,1,1,0
BRDA:35,2,0,0
BRDA:35,2,1,0
BRF:4
BRH:0
end_of_record
TN:
SF:/Users/gabriellarose/development/projects/wdi-group-project/models/review.js
FNF:0
FNH:0
DA:2,1
DA:4,1
DA:10,1
DA:27,1
LF:4
LH:4
BRF:0
BRH:0
end_of_record
TN:
SF:/Users/gabriellarose/development/projects/wdi-group-project/controllers/categories.js
FN:4,categoriesIndex
FN:11,categoriesShow
FN:18,categoriesCreate
FN:25,categoriesUpdate
FN:34,categoriesDelete
FNF:5
FNH:4
FNDA:6,categoriesIndex
FNDA:1,categoriesShow
FNDA:2,categoriesCreate
FNDA:0,categoriesUpdate
FNDA:1,categoriesDelete
DA:2,1
DA:4,1
DA:5,6
DA:7,6
DA:11,1
DA:12,1
DA:14,1
DA:18,1
DA:19,2
DA:21,2
DA:25,1
DA:26,0
DA:28,0
DA:29,0
DA:30,0
DA:34,1
DA:35,1
DA:38,1
DA:39,1
DA:43,1
LF:20
LH:16
BRF:0
BRH:0
end_of_record
TN:
SF:/Users/gabriellarose/development/projects/wdi-group-project/models/category.js
FNF:0
FNH:0
DA:2,1
DA:4,1
DA:8,1
LF:3
LH:3
BRF:0
BRH:0
end_of_record
TN:
SF:/Users/gabriellarose/development/projects/wdi-group-project/controllers/auth.js
FN:6,register
FN:20,login
FNF:2
FNH:0
FNDA:0,register
FNDA:0,login
DA:2,1
DA:3,1
DA:4,1
DA:6,1
DA:7,0
DA:10,0
DA:11,0
DA:20,1
DA:21,0
DA:23,0
DA:24,0
DA:27,0
DA:28,0
DA:37,1
LF:14
LH:6
BRDA:23,1,0,0
BRDA:23,1,1,0
BRDA:23,2,0,0
BRDA:23,2,1,0
BRF:4
BRH:0
end_of_record
TN:
SF:/Users/gabriellarose/development/projects/wdi-group-project/models/user.js
FN:38,(anonymous_1)
FN:56,validatePassword
FN:62,setPasswordConfirmation
FN:67,checkPassword
FN:75,hashPassword
FNF:5
FNH:0
FNDA:0,(anonymous_1)
FNDA:0,validatePassword
FNDA:0,setPasswordConfirmation
FNDA:0,checkPassword
FNDA:0,hashPassword
DA:2,1
DA:3,1
DA:4,1
DA:5,1
DA:7,1
DA:31,1
DA:33,1
DA:36,1
DA:39,0
DA:40,0
DA:44,1
DA:50,1
DA:56,1
DA:57,0
DA:60,1
DA:63,0
DA:66,1
DA:68,0
DA:69,0
DA:71,0
DA:74,1
DA:76,0
DA:77,0
DA:79,0
DA:82,1
LF:25
LH:15
BRDA:68,1,0,0
BRDA:68,1,1,0
BRDA:68,2,0,0
BRDA:68,2,1,0
BRDA:76,3,0,0
BRDA:76,3,1,0
BRF:6
BRH:0
end_of_record
TN:
SF:/Users/gabriellarose/development/projects/wdi-group-project/controllers/user.js
FN:3,showRoute
FN:22,editRoute
FN:34,userFriendRequest
FN:58,getFriends
FNF:4
FNH:0
FNDA:0,showRoute
FNDA:0,editRoute
FNDA:0,userFriendRequest
FNDA:0,getFriends
DA:1,1
DA:3,1
DA:4,0
DA:9,0
DA:15,0
DA:16,0
DA:17,0
DA:19,0
DA:22,1
DA:23,0
DA:26,0
DA:27,0
DA:28,0
DA:30,0
DA:31,0
DA:34,1
DA:35,0
DA:37,0
DA:38,0
DA:58,1
DA:59,0
DA:61,0
DA:62,0
DA:67,1
LF:24
LH:6
BRDA:16,1,0,0
BRDA:16,1,1,0
BRDA:26,2,0,0
BRDA:26,2,1,0
BRF:4
BRH:0
end_of_record
TN:
SF:/Users/gabriellarose/development/projects/wdi-group-project/lib/secureRoute.js
FN:6,secureRoute
FNF:1
FNH:0
FNDA:0,secureRoute
DA:2,1
DA:3,1
DA:4,1
DA:6,1
DA:7,0
DA:9,0
DA:11,0
DA:12,0
DA:13,0
DA:14,0
DA:17,0
DA:19,0
DA:20,0
DA:21,0
DA:22,0
DA:27,1
LF:16
LH:5
BRDA:7,1,0,0
BRDA:7,1,1,0
BRDA:13,2,0,0
BRDA:13,2,1,0
BRDA:19,3,0,0
BRDA:19,3,1,0
BRF:6
BRH:0
end_of_record
